<?xml version="1.0" encoding="UTF-8"?>
<!-- Generated by org.testng.reporters.JUnitXMLReporter -->
<testsuite hostname="DESKTOP-1JFAMJF" ignored="0" name="MyTest" tests="7" failures="1" timestamp="2021-06-30T17:22:14 IST" time="44.746" errors="0">
  <testcase name="mainLoginButtonClicked" time="0.316" classname="com.mven.qa.testcases.LoginPageTest"/>
  <testcase name="loginPageTitleTest" time="0.012" classname="com.mven.qa.testcases.LoginPageTest"/>
  <testcase name="validateLogoImage" time="0.052" classname="com.mven.qa.testcases.LoginPageTest"/>
  <testcase name="incorrectLoginCredentials" time="0.433" classname="com.mven.qa.testcases.LoginPageTest"/>
  <testcase name="moveCursorToElectronics" time="0.139" classname="com.mven.qa.testcases.LoginPageTest"/>
  <testcase name="validateTheSearchBar" time="0.173" classname="com.mven.qa.testcases.LoginPageTest"/>
  <testcase name="travelFlightsClick" time="1.156" classname="com.mven.qa.testcases.LoginPageTest">
    <failure type="org.openqa.selenium.ElementClickInterceptedException" message="element click intercepted: Element &amp;lt;img class=&amp;quot;_396cs4 _3exPp9&amp;quot; alt=&amp;quot;Travel&amp;quot; src=&amp;quot;https://rukminim1.flixcart.com/flap/128/128/image/71050627a56b4693.png?q=100&amp;quot;&amp;gt; is not clickable at point (1061, 100). Other element would receive the click: &amp;lt;div class=&amp;quot;_2hriZF _2rbIyg&amp;quot; tabindex=&amp;quot;-1&amp;quot;&amp;gt;...&amp;lt;/div&amp;gt;
  (Session info: chrome=91.0.4472.114)
Build info: version: &amp;apos;3.141.59&amp;apos;, revision: &amp;apos;e82be7d358&amp;apos;, time: &amp;apos;2018-11-14T08:17:03&amp;apos;
System info: host: &amp;apos;DESKTOP-1JFAMJF&amp;apos;, ip: &amp;apos;192.168.0.106&amp;apos;, os.name: &amp;apos;Windows 10&amp;apos;, os.arch: &amp;apos;amd64&amp;apos;, os.version: &amp;apos;10.0&amp;apos;, java.version: &amp;apos;1.8.0_251&amp;apos;
Driver info: org.openqa.selenium.chrome.ChromeDriver
Capabilities {acceptInsecureCerts: false, browserName: chrome, browserVersion: 91.0.4472.114, chrome: {chromedriverVersion: 91.0.4472.101 (af52a90bf870..., userDataDir: C:\Users\LENOVO\AppData\Loc...}, goog:chromeOptions: {debuggerAddress: localhost:62326}, javascriptEnabled: true, networkConnectionEnabled: false, pageLoadStrategy: normal, platform: WINDOWS, platformName: WINDOWS, proxy: Proxy(), setWindowRect: true, strictFileInteractability: false, timeouts: {implicit: 0, pageLoad: 300000, script: 30000}, unhandledPromptBehavior: dismiss and notify, webauthn:extension:largeBlob: true, webauthn:virtualAuthenticators: true}
Session ID: b6e5cff9a7762191945708ca2695fc16">
      <![CDATA[org.openqa.selenium.ElementClickInterceptedException: element click intercepted: Element <img class="_396cs4 _3exPp9" alt="Travel" src="https://rukminim1.flixcart.com/flap/128/128/image/71050627a56b4693.png?q=100"> is not clickable at point (1061, 100). Other element would receive the click: <div class="_2hriZF _2rbIyg" tabindex="-1">...</div>
  (Session info: chrome=91.0.4472.114)
Build info: version: '3.141.59', revision: 'e82be7d358', time: '2018-11-14T08:17:03'
System info: host: 'DESKTOP-1JFAMJF', ip: '192.168.0.106', os.name: 'Windows 10', os.arch: 'amd64', os.version: '10.0', java.version: '1.8.0_251'
Driver info: org.openqa.selenium.chrome.ChromeDriver
Capabilities {acceptInsecureCerts: false, browserName: chrome, browserVersion: 91.0.4472.114, chrome: {chromedriverVersion: 91.0.4472.101 (af52a90bf870..., userDataDir: C:\Users\LENOVO\AppData\Loc...}, goog:chromeOptions: {debuggerAddress: localhost:62326}, javascriptEnabled: true, networkConnectionEnabled: false, pageLoadStrategy: normal, platform: WINDOWS, platformName: WINDOWS, proxy: Proxy(), setWindowRect: true, strictFileInteractability: false, timeouts: {implicit: 0, pageLoad: 300000, script: 30000}, unhandledPromptBehavior: dismiss and notify, webauthn:extension:largeBlob: true, webauthn:virtualAuthenticators: true}
Session ID: b6e5cff9a7762191945708ca2695fc16
at org.openqa.selenium.remote.http.W3CHttpResponseCodec.createException(W3CHttpResponseCodec.java:187)
at org.openqa.selenium.remote.http.W3CHttpResponseCodec.decode(W3CHttpResponseCodec.java:122)
at org.openqa.selenium.remote.http.W3CHttpResponseCodec.decode(W3CHttpResponseCodec.java:49)
at org.openqa.selenium.remote.HttpCommandExecutor.execute(HttpCommandExecutor.java:158)
at org.openqa.selenium.remote.service.DriverCommandExecutor.execute(DriverCommandExecutor.java:83)
at org.openqa.selenium.remote.RemoteWebDriver.execute(RemoteWebDriver.java:552)
at org.openqa.selenium.remote.RemoteWebElement.execute(RemoteWebElement.java:285)
at org.openqa.selenium.remote.RemoteWebElement.click(RemoteWebElement.java:84)
at org.openqa.selenium.support.pagefactory.internal.LocatingElementHandler.invoke(LocatingElementHandler.java:51)
at com.sun.proxy.$Proxy9.click(Unknown Source)
at com.mven.qa.pages.LoginPage.travelFlightsClick(LoginPage.java:221)
at com.mven.qa.testcases.LoginPageTest.travelFlightsClick(LoginPageTest.java:82)
at java.util.ArrayList.forEach(Unknown Source)
... Removed 35 stack frames]]>
    </failure>
  </testcase> <!-- travelFlightsClick -->
</testsuite> <!-- MyTest -->
